xrun(64): 20.09-s009: (c) Copyright 1995-2021 Cadence Design Systems, Inc.
TOOL:	xrun(64)	20.09-s009: Started on May 17, 2025 at 10:57:28 IST
xrun
	-access +rwc
	-f compile_list.f
		./../../RTL/grant_arbiter.sv
		./../../RTL/rate_limiter_16to8.sv
		./../../RTL/sch_ctrl_fsm.sv
		./../../RTL/scheduler_reg_config.sv
		./../UVME/uvm_pkg/test_pkg.sv
		./../UVME/top/ulss_top.sv
		./../UVME/top/ulss_interface.sv
	-uvmhome CDNS-1.1d
	+UVM_TESTNAME=in_stream_zero_to_three_map_test
Recompiling... reason: file '../UVME/env/ulss_coverage.sv' is newer than expected.
	expected: Thu May 15 17:10:25 2025
	actual:   Sat May 17 10:57:24 2025
Compiling UVM packages (uvm_pkg.sv cdns_uvm_pkg.sv) using uvmhome location /tools/cadence_march2021/XCELIUM2009/tools/methodology/UVM/CDNS-1.1d
file: ./../UVME/uvm_pkg/test_pkg.sv
        cp_in_sop[16]: coverpoint {
                 |
xmvlog: *E,ECGECL (./../UVME/env/ulss_coverage.sv,489|17): The colon (':') symbol after coverpoint/cross label is not specified.
(`include file: ./../UVME/env/ulss_coverage.sv line 489, file: ./../UVME/uvm_pkg/test_pkg.sv line 42)
        cp_in_sop[16]: coverpoint {
                                |
xmvlog: *E,EXPIDN (./../UVME/env/ulss_coverage.sv,489|32): expecting an identifier [SystemVerilog].
(`include file: ./../UVME/env/ulss_coverage.sv line 489, file: ./../UVME/uvm_pkg/test_pkg.sv line 42)
            cp_in_sop_0: tx.in_sop_0,
                          |
xmvlog: *W,LBLMAT (./../UVME/env/ulss_coverage.sv,490|26): Label/name mismatch: ulss_coverage - tx.
(`include file: ./../UVME/env/ulss_coverage.sv line 490, file: ./../UVME/uvm_pkg/test_pkg.sv line 42)
            cp_in_sop_0: tx.in_sop_0,
                           |
xmvlog: *E,EXPENP (./../UVME/env/ulss_coverage.sv,490|27): Expecting the keyword 'endpackage' [SystemVerilog].
(`include file: ./../UVME/env/ulss_coverage.sv line 490, file: ./../UVME/uvm_pkg/test_pkg.sv line 42)
package test_pkg;
               |
xmvlog: *W,TSNSPK (./../UVME/uvm_pkg/test_pkg.sv,1|15): `timescale is not specified for the package.  The default timescale of 1ns/1ns will be assumed for this package.
	package worklib.test_pkg:sv
		errors: 3, warnings: 2
file: ./../UVME/top/ulss_top.sv
     int wait_timeout_cycles =36000;       // Default for regular tests
                             |
xmvlog: *W,VARIST (./../UVME/top/ulss_top.sv,165|29): Local static variable with initializer requires 'static' keyword.
  int simulation_timeout_cycles = 36000;
                                |
xmvlog: *W,VARIST (./../UVME/top/ulss_top.sv,166|32): Local static variable with initializer requires 'static' keyword.
xrun: *E,VLGERR: An error occurred during parsing.  Review the log file for errors with the code *E and fix those identified problems to proceed.  Exiting with code (status 1).
TOOL:	xrun(64)	20.09-s009: Exiting on May 17, 2025 at 10:57:30 IST  (total: 00:00:02)
